{"level":"info","message":"Server running at http://localhost:3001","service":"api-gateway","timestamp":"2025-09-13T21:13:25.314Z"}
{"level":"info","message":"Server running at http://localhost:3001","service":"api-gateway","timestamp":"2025-09-13T21:13:25.393Z"}
{"category":"frontend","description":"A test project","level":"info","link":"https://example.com","message":"Creating a new project with data:","project_name":"promodoro","service":"api-gateway","technologies":["React","Node.js","tailwindcss"],"timestamp":"2025-09-13T21:21:39.066Z"}
{"clientVersion":"6.16.1","level":"error","message":"Error creating project: \nInvalid `prisma.project.create()` invocation in\nC:\\Users\\Tochukwu Udeh\\Desktop\\TOCHUKWU\\SOFTWARE PROJECTS\\PORTFOLIO SITE\\server\\src\\controllers\\projectController.ts:25:53\n\n  22     return;\n  23 }\n  24 const {project_name, category, description, technologies, link} = req.body;\n→ 25 const newProject = await prisma.project.create({\n       data: {\n         project_name: \"promodoro\",\n         category: \"frontend\",\n         description: \"A test project\",\n         technologies: [\n           \"React\",\n           \"Node.js\",\n           \"tailwindcss\"\n         ],\n         ~~~~~~~~~~~~~~~\n         link: \"https://example.com\"\n       }\n     })\n\nArgument `technologies`: Invalid value provided. Expected String, provided (String, String, String).","name":"PrismaClientValidationError","service":"api-gateway","stack":"PrismaClientValidationError: \nInvalid `prisma.project.create()` invocation in\nC:\\Users\\Tochukwu Udeh\\Desktop\\TOCHUKWU\\SOFTWARE PROJECTS\\PORTFOLIO SITE\\server\\src\\controllers\\projectController.ts:25:53\n\n  22     return;\n  23 }\n  24 const {project_name, category, description, technologies, link} = req.body;\n→ 25 const newProject = await prisma.project.create({\n       data: {\n         project_name: \"promodoro\",\n         category: \"frontend\",\n         description: \"A test project\",\n         technologies: [\n           \"React\",\n           \"Node.js\",\n           \"tailwindcss\"\n         ],\n         ~~~~~~~~~~~~~~~\n         link: \"https://example.com\"\n       }\n     })\n\nArgument `technologies`: Invalid value provided. Expected String, provided (String, String, String).\n    at throwValidationException (C:\\Users\\Tochukwu Udeh\\Desktop\\TOCHUKWU\\SOFTWARE PROJECTS\\PORTFOLIO SITE\\server\\node_modules\\@prisma\\client\\src\\runtime\\core\\errorRendering\\throwValidationException.ts:45:9)\n    at ei.handleRequestError (C:\\Users\\Tochukwu Udeh\\Desktop\\TOCHUKWU\\SOFTWARE PROJECTS\\PORTFOLIO SITE\\server\\node_modules\\@prisma\\client\\src\\runtime\\RequestHandler.ts:202:7)\n    at ei.handleAndLogRequestError (C:\\Users\\Tochukwu Udeh\\Desktop\\TOCHUKWU\\SOFTWARE PROJECTS\\PORTFOLIO SITE\\server\\node_modules\\@prisma\\client\\src\\runtime\\RequestHandler.ts:174:12)\n    at ei.request (C:\\Users\\Tochukwu Udeh\\Desktop\\TOCHUKWU\\SOFTWARE PROJECTS\\PORTFOLIO SITE\\server\\node_modules\\@prisma\\client\\src\\runtime\\RequestHandler.ts:143:12)\n    at processTicksAndRejections (node:internal/process/task_queues:105:5)\n    at async a (C:\\Users\\Tochukwu Udeh\\Desktop\\TOCHUKWU\\SOFTWARE PROJECTS\\PORTFOLIO SITE\\server\\node_modules\\@prisma\\client\\src\\runtime\\getPrismaClient.ts:833:24)","timestamp":"2025-09-13T21:21:44.990Z"}
{"level":"info","message":"Server running at http://localhost:3001","service":"api-gateway","timestamp":"2025-09-13T23:27:42.749Z"}
{"level":"info","message":"Server running at http://localhost:3001","service":"api-gateway","timestamp":"2025-09-13T23:28:34.480Z"}
{"level":"info","message":"Server running at http://localhost:3001","service":"api-gateway","timestamp":"2025-09-13T23:28:39.919Z"}
{"level":"info","message":"Server running at http://localhost:3001","service":"api-gateway","timestamp":"2025-09-13T23:28:46.004Z"}
{"category":"frontend","description":"A test project","level":"info","link":"https://example.com","message":"Creating a new project with data:","project_name":"promodoro","service":"api-gateway","technologies":["React","Node.js","tailwindcss"],"timestamp":"2025-09-13T23:28:48.253Z"}
{"category":"frontend","createdAt":"2025-09-13T23:28:53.574Z","description":"A test project","id":1,"level":"info","link":"https://example.com","message":"Project created successfully:","project_name":"promodoro","service":"api-gateway","technologies":["React","Node.js","tailwindcss"],"timestamp":"2025-09-13T23:28:53.642Z","updatedAt":"2025-09-13T23:28:53.574Z"}
{"level":"info","message":"Server running at http://localhost:3001","service":"api-gateway","timestamp":"2025-09-13T23:29:29.038Z"}
{"category":"frontend","description":"A test project","level":"info","link":"https://example.com","message":"Creating a new project with data:","project_name":"promodoro","service":"api-gateway","technologies":["React","Node.js","tailwindcss"],"timestamp":"2025-09-13T23:29:31.914Z"}
{"clientVersion":"6.16.1","code":"P2002","level":"error","message":"Error creating project: \nInvalid `prisma.project.create()` invocation in\nC:\\Users\\Tochukwu Udeh\\Desktop\\TOCHUKWU\\SOFTWARE PROJECTS\\PORTFOLIO SITE\\server\\src\\controllers\\projectController.ts:28:53\n\n  25 if (typeof technologies === \"string\") {\n  26     technologies = technologies.split(\",\").map((t: string) => t.trim());\n  27 }\n→ 28 const newProject = await prisma.project.create(\nUnique constraint failed on the fields: (`link`)","meta":{"modelName":"Project","target":["link"]},"name":"PrismaClientKnownRequestError","service":"api-gateway","stack":"PrismaClientKnownRequestError: \nInvalid `prisma.project.create()` invocation in\nC:\\Users\\Tochukwu Udeh\\Desktop\\TOCHUKWU\\SOFTWARE PROJECTS\\PORTFOLIO SITE\\server\\src\\controllers\\projectController.ts:28:53\n\n  25 if (typeof technologies === \"string\") {\n  26     technologies = technologies.split(\",\").map((t: string) => t.trim());\n  27 }\n→ 28 const newProject = await prisma.project.create(\nUnique constraint failed on the fields: (`link`)\n    at ei.handleRequestError (C:\\Users\\Tochukwu Udeh\\Desktop\\TOCHUKWU\\SOFTWARE PROJECTS\\PORTFOLIO SITE\\server\\node_modules\\@prisma\\client\\src\\runtime\\RequestHandler.ts:228:13)\n    at ei.handleAndLogRequestError (C:\\Users\\Tochukwu Udeh\\Desktop\\TOCHUKWU\\SOFTWARE PROJECTS\\PORTFOLIO SITE\\server\\node_modules\\@prisma\\client\\src\\runtime\\RequestHandler.ts:174:12)\n    at ei.request (C:\\Users\\Tochukwu Udeh\\Desktop\\TOCHUKWU\\SOFTWARE PROJECTS\\PORTFOLIO SITE\\server\\node_modules\\@prisma\\client\\src\\runtime\\RequestHandler.ts:143:12)\n    at processTicksAndRejections (node:internal/process/task_queues:105:5)\n    at async a (C:\\Users\\Tochukwu Udeh\\Desktop\\TOCHUKWU\\SOFTWARE PROJECTS\\PORTFOLIO SITE\\server\\node_modules\\@prisma\\client\\src\\runtime\\getPrismaClient.ts:833:24)","timestamp":"2025-09-13T23:29:33.234Z"}
{"level":"info","message":"Server running at http://localhost:3001","service":"api-gateway","timestamp":"2025-09-13T23:31:47.625Z"}
{"level":"info","message":"Server running at http://localhost:3001","service":"api-gateway","timestamp":"2025-09-13T23:32:52.633Z"}
{"level":"info","message":"Server running at http://localhost:3001","service":"api-gateway","timestamp":"2025-09-13T23:33:09.494Z"}
{"level":"info","message":"Server running at http://localhost:3001","service":"api-gateway","timestamp":"2025-09-13T23:33:50.176Z"}
{"category":"frontend","description":"A test project","level":"info","link":"https://example.com","message":"Creating a new project with data:","project_name":"promodoro","service":"api-gateway","technologies":["React","Node.js","tailwindcss"],"timestamp":"2025-09-13T23:35:25.123Z"}
{"level":"info","message":"Project created successfully:","service":"api-gateway","timestamp":"2025-09-13T23:35:28.254Z"}
{"category":"frontend","description":"A test project","level":"info","message":"Creating a new project with data:","project_name":"promodoro","service":"api-gateway","technologies":["React","Node.js","tailwindcss"],"timestamp":"2025-09-13T23:38:10.971Z"}
{"0":"\"","1":"l","10":"r","11":"e","12":"q","13":"u","14":"i","15":"r","16":"e","17":"d","2":"i","3":"n","4":"k","5":"\"","6":" ","7":"i","8":"s","9":" ","level":"error","message":"Validation error:","service":"api-gateway","timestamp":"2025-09-13T23:38:11.084Z"}
{"level":"info","message":"Server running at http://localhost:3001","service":"api-gateway","timestamp":"2025-09-13T23:39:53.536Z"}
{"level":"info","message":"Server running at http://localhost:3001","service":"api-gateway","timestamp":"2025-09-13T23:40:35.964Z"}
{"category":"frontend","description":"A test project","level":"info","message":"Creating a new project with data:","project_name":"promodoro","service":"api-gateway","technologies":["React","Node.js","tailwindcss"],"timestamp":"2025-09-13T23:40:40.617Z"}
{"0":"\"","1":"l","10":"r","11":"e","12":"q","13":"u","14":"i","15":"r","16":"e","17":"d","2":"i","3":"n","4":"k","5":"\"","6":" ","7":"i","8":"s","9":" ","level":"error","message":"Validation error:","service":"api-gateway","timestamp":"2025-09-13T23:40:40.623Z"}
{"description":"A test project","level":"info","link":"https://example.com","message":"Creating a new project with data:","project_name":"promodoro","service":"api-gateway","technologies":["React","Node.js","tailwindcss"],"timestamp":"2025-09-13T23:40:57.676Z"}
{"0":"\"","1":"c","10":" ","11":"i","12":"s","13":" ","14":"r","15":"e","16":"q","17":"u","18":"i","19":"r","2":"a","20":"e","21":"d","3":"t","4":"e","5":"g","6":"o","7":"r","8":"y","9":"\"","level":"error","message":"Validation error:","service":"api-gateway","timestamp":"2025-09-13T23:40:57.680Z"}
{"level":"info","message":"Server running at http://localhost:3001","service":"api-gateway","timestamp":"2025-09-13T23:41:22.173Z"}
{"description":"A test project","level":"info","link":"https://example.com","message":"Creating a new project with data:","project_name":"promodoro","service":"api-gateway","technologies":["React","Node.js","tailwindcss"],"timestamp":"2025-09-13T23:41:24.962Z"}
{"error":"\"category\" is required","level":"error","message":"Validation error:","service":"api-gateway","timestamp":"2025-09-13T23:41:24.967Z"}
{"category":"frontend","description":"A test project","level":"info","link":"https://example.com","message":"Creating a new project with data:","project_name":"promodoro","service":"api-gateway","technologies":["React","Node.js","tailwindcss"],"timestamp":"2025-09-13T23:41:49.197Z"}
{"level":"info","message":"Project created successfully:","service":"api-gateway","timestamp":"2025-09-13T23:41:51.740Z"}
{"level":"info","message":"Server running at http://localhost:3001","service":"api-gateway","timestamp":"2025-09-13T23:42:36.802Z"}
{"level":"info","message":"Server running at http://localhost:3001","service":"api-gateway","timestamp":"2025-09-13T23:42:58.422Z"}
{"level":"info","message":"Server running at http://localhost:3001","service":"api-gateway","timestamp":"2025-09-13T23:44:00.067Z"}
{"level":"info","limit":"10","message":"Fetching all projects with query params:","offset":"1","service":"api-gateway","timestamp":"2025-09-13T23:44:01.511Z"}
{"level":"info","message":"Server running at http://localhost:3001","service":"api-gateway","timestamp":"2025-09-13T23:45:06.352Z"}
{"level":"info","message":"Server running at http://localhost:3001","service":"api-gateway","timestamp":"2025-09-13T23:45:19.568Z"}
{"level":"info","message":"Server running at http://localhost:3001","service":"api-gateway","timestamp":"2025-09-13T23:45:44.810Z"}
{"level":"info","limit":"10","message":"Fetching all projects with query params:","offset":"1","service":"api-gateway","timestamp":"2025-09-13T23:45:49.443Z"}
{"level":"info","message":"Fetched 2 projects","service":"api-gateway","timestamp":"2025-09-13T23:45:51.990Z"}
{"category":"frontend","description":"A test project","level":"info","link":"https://example.com","message":"Creating a new project with data:","project_name":"promodoro","service":"api-gateway","technologies":["React","Node.js","tailwindcss"],"timestamp":"2025-09-13T23:46:34.353Z"}
{"level":"info","message":"Project created successfully:","service":"api-gateway","timestamp":"2025-09-13T23:46:35.358Z"}
{"level":"info","limit":"10","message":"Fetching all projects with query params:","offset":"1","service":"api-gateway","timestamp":"2025-09-13T23:46:43.720Z"}
{"level":"info","message":"Fetched 3 projects","service":"api-gateway","timestamp":"2025-09-13T23:46:44.453Z"}
{"level":"info","limit":"10","message":"Fetching all projects with query params:","offset":"0","service":"api-gateway","timestamp":"2025-09-13T23:49:07.322Z"}
{"level":"info","message":"Fetched 4 projects","service":"api-gateway","timestamp":"2025-09-13T23:49:08.791Z"}
{"level":"info","message":"Server running at http://localhost:3001","service":"api-gateway","timestamp":"2025-09-13T23:50:34.167Z"}
{"level":"info","message":"Server running at http://localhost:3001","service":"api-gateway","timestamp":"2025-09-13T23:51:22.915Z"}
{"level":"info","message":"Fetching all projects","query":{"limit":"10","offset":"0"},"service":"api-gateway","timestamp":"2025-09-13T23:51:29.211Z"}
{"level":"info","message":"Fetched 4 projects","service":"api-gateway","timestamp":"2025-09-13T23:51:30.949Z"}
{"level":"info","message":"Server running at http://localhost:3001","service":"api-gateway","timestamp":"2025-09-13T23:52:15.870Z"}
{"level":"info","message":"Server running at http://localhost:3001","service":"api-gateway","timestamp":"2025-09-13T23:53:05.114Z"}
{"level":"info","message":"Fetching all projects","query":{"limit":"10","offset":"0"},"service":"api-gateway","timestamp":"2025-09-13T23:53:30.762Z"}
{"level":"info","message":"Fetched 4 projects","service":"api-gateway","timestamp":"2025-09-13T23:53:34.990Z"}
{"level":"info","message":"Server running at http://localhost:3001","service":"api-gateway","timestamp":"2025-09-13T23:54:38.115Z"}
{"0":"5","level":"info","message":"Fetching project with ID:","service":"api-gateway","timestamp":"2025-09-13T23:54:44.346Z"}
{"level":"info","message":"Server running at http://localhost:3001","service":"api-gateway","timestamp":"2025-09-13T23:55:26.822Z"}
{"level":"info","message":"Server running at http://localhost:3001","service":"api-gateway","timestamp":"2025-09-13T23:56:22.889Z"}
{"level":"info","message":"Server running at http://localhost:3001","service":"api-gateway","timestamp":"2025-09-13T23:57:29.313Z"}
{"0":"5","level":"info","message":"Fetching project with ID:","service":"api-gateway","timestamp":"2025-09-13T23:57:34.494Z"}
{"level":"info","message":"Project fetched successfully:","service":"api-gateway","timestamp":"2025-09-13T23:57:36.625Z"}
{"level":"info","message":"Server running at http://localhost:3001","service":"User service","timestamp":"2025-09-13T23:59:52.085Z"}
{"level":"info","message":"Server running at http://localhost:3001","service":"P","timestamp":"2025-09-14T00:00:05.015Z"}
{"level":"info","message":"Server running at http://localhost:3001","service":"Projects Endpoint","timestamp":"2025-09-14T00:00:09.689Z"}
{"0":"P","1":"r","10":"n","11":"d","12":"p","13":"o","14":"i","15":"n","16":"t","2":"o","3":"j","4":"e","5":"c","6":"t","7":"s","8":" ","9":"E","level":"info","message":"Server running at http://localhost:3001","timestamp":"2025-09-14T00:00:38.146Z"}
{"Endpoint":"Projects Endpoint","level":"info","message":"Server running at http://localhost:3001","timestamp":"2025-09-14T00:01:15.921Z"}
{"Endpoint":"Projects Endpoint","level":"info","message":"Server running at http://localhost:3001","timestamp":"2025-09-14T00:03:46.224Z"}
{"Endpoint":"Projects Endpoint","level":"info","message":"Server running at http://localhost:3001","timestamp":"2025-09-14T00:03:52.482Z"}
{"Endpoint":"Projects Endpoint","level":"info","message":"Server running at http://localhost:3001","timestamp":"2025-09-14T00:04:02.296Z"}
{"0":"5","Endpoint":"Projects Endpoint","level":"info","message":"Fetching project with ID:","timestamp":"2025-09-14T00:04:04.420Z"}
{"Endpoint":"Projects Endpoint","level":"info","message":"Project fetched successfully:","timestamp":"2025-09-14T00:04:05.975Z"}
{"0":"5","Endpoint":"Projects Endpoint","level":"info","message":"Updating project with ID:","timestamp":"2025-09-14T00:04:48.157Z"}
{"Endpoint":"Projects Endpoint","level":"info","message":"Project updated successfully:","timestamp":"2025-09-14T00:04:49.360Z"}
{"Endpoint":"Projects Endpoint","level":"info","message":"Fetching all projects","query":{"limit":"10","offset":"0"},"timestamp":"2025-09-14T00:04:57.683Z"}
{"Endpoint":"Projects Endpoint","level":"info","message":"Fetched 4 projects","timestamp":"2025-09-14T00:04:58.587Z"}
{"Endpoint":"Projects Endpoint","level":"info","message":"Server running at http://localhost:3001","timestamp":"2025-09-14T00:07:14.039Z"}
{"Endpoint":"Projects Endpoint","level":"info","message":"Server running at http://localhost:3001","timestamp":"2025-09-14T00:07:22.736Z"}
{"Endpoint":"Projects Endpoint","level":"info","message":"Server running at http://localhost:3001","timestamp":"2025-09-14T22:32:16.304Z"}
{"Endpoint":"Projects Endpoint","level":"info","message":"Server running at http://localhost:3001","timestamp":"2025-09-14T22:37:00.264Z"}
{"Endpoint":"Projects Endpoint","level":"info","message":"Server running at http://localhost:3001","timestamp":"2025-09-14T22:37:05.107Z"}
{"Endpoint":"Projects Endpoint","level":"info","message":"Server running at http://localhost:3001","timestamp":"2025-09-14T22:37:09.976Z"}
{"Endpoint":"Projects Endpoint","level":"info","message":"Server running at http://localhost:3001","timestamp":"2025-09-14T22:37:13.057Z"}
{"Endpoint":"Projects Endpoint","level":"info","message":"Server running at http://localhost:3001","timestamp":"2025-09-14T22:37:17.873Z"}
{"Endpoint":"Projects Endpoint","level":"info","message":"Server running at http://localhost:3001","timestamp":"2025-09-14T22:37:25.639Z"}
{"Endpoint":"Projects Endpoint","level":"info","message":"Server running at http://localhost:3001","timestamp":"2025-09-14T22:37:28.279Z"}
{"Endpoint":"Projects Endpoint","level":"info","message":"Server running at http://localhost:3001","timestamp":"2025-09-14T22:37:30.356Z"}
{"Endpoint":"Projects Endpoint","level":"info","message":"Server running at http://localhost:3001","timestamp":"2025-09-14T22:37:46.190Z"}
{"Endpoint":"Projects Endpoint","level":"info","message":"Server running at http://localhost:3001","timestamp":"2025-09-14T22:37:51.919Z"}
{"Endpoint":"Projects Endpoint","level":"info","message":"Server running at http://localhost:3001","timestamp":"2025-09-14T22:37:59.861Z"}
{"Endpoint":"Projects Endpoint","level":"info","message":"Server running at http://localhost:3001","timestamp":"2025-09-14T22:38:06.686Z"}
{"Endpoint":"Projects Endpoint","level":"info","message":"Fetching all projects","query":{"limit":"10","offset":"0"},"timestamp":"2025-09-14T22:38:32.221Z"}
{"Endpoint":"Projects Endpoint","level":"info","message":"Fetched 5 projects","timestamp":"2025-09-14T22:38:33.680Z"}
{"Endpoint":"Projects Endpoint","level":"info","message":"Fetching all projects","query":{"limit":"10","offset":"0"},"timestamp":"2025-09-14T22:38:59.197Z"}
{"Endpoint":"Projects Endpoint","level":"info","message":"Fetched 6 projects","timestamp":"2025-09-14T22:38:59.953Z"}
{"0":"1","Endpoint":"Projects Endpoint","level":"info","message":"Deleting project with ID:","timestamp":"2025-09-14T22:39:54.458Z"}
{"Endpoint":"Projects Endpoint","level":"info","message":"Project deleted successfully:","timestamp":"2025-09-14T22:39:55.364Z"}
{"Endpoint":"Projects Endpoint","level":"info","message":"Fetching all projects","query":{"limit":"10","offset":"0"},"timestamp":"2025-09-14T22:40:06.351Z"}
{"Endpoint":"Projects Endpoint","level":"info","message":"Fetched 5 projects","timestamp":"2025-09-14T22:40:07.144Z"}
{"0":"1","Endpoint":"Projects Endpoint","level":"info","message":"Deleting project with ID:","timestamp":"2025-09-14T22:40:13.476Z"}
{"Endpoint":"Projects Endpoint","level":"info","message":"Server running at http://localhost:3001","timestamp":"2025-09-14T22:40:45.045Z"}
{"0":"1","Endpoint":"Projects Endpoint","level":"info","message":"Deleting project with ID:","timestamp":"2025-09-14T22:40:56.582Z"}
{"Endpoint":"Projects Endpoint","level":"info","message":"Server running at http://localhost:3001","timestamp":"2025-09-14T22:41:28.404Z"}
{"0":"1","Endpoint":"Projects Endpoint","level":"info","message":"Deleting project with ID:","timestamp":"2025-09-14T22:41:29.631Z"}
{"Endpoint":"Projects Endpoint","level":"info","message":"Server running at http://localhost:3001","timestamp":"2025-09-14T22:41:51.547Z"}
{"Endpoint":"Projects Endpoint","level":"info","message":"Server running at http://localhost:3001","timestamp":"2025-09-14T22:42:01.770Z"}
{"0":"1","Endpoint":"Projects Endpoint","level":"info","message":"Deleting project with ID:","timestamp":"2025-09-14T22:42:02.960Z"}
{"Endpoint":"Projects Endpoint","level":"info","message":"Server running at http://localhost:3001","timestamp":"2025-09-14T22:42:14.002Z"}
{"0":"1","Endpoint":"Projects Endpoint","level":"info","message":"Deleting project with ID:","timestamp":"2025-09-14T22:42:18.892Z"}
{"Endpoint":"Projects Endpoint","level":"info","message":"Fetching all projects","query":{"limit":"4","offset":"0"},"timestamp":"2025-09-14T22:44:25.440Z"}
{"Endpoint":"Projects Endpoint","level":"info","message":"Fetched 4 projects","timestamp":"2025-09-14T22:44:26.572Z"}
{"Endpoint":"Projects Endpoint","level":"info","message":"Fetching all projects","query":{"limit":"4","offset":"0"},"timestamp":"2025-09-14T22:44:26.600Z"}
{"Endpoint":"Projects Endpoint","level":"info","message":"Fetched 4 projects","timestamp":"2025-09-14T22:44:27.023Z"}
{"Endpoint":"Projects Endpoint","level":"info","message":"Fetching all projects","query":{"limit":"4","offset":"0"},"timestamp":"2025-09-14T22:49:05.764Z"}
{"Endpoint":"Projects Endpoint","level":"info","message":"Fetched 4 projects","timestamp":"2025-09-14T22:49:06.742Z"}
{"Endpoint":"Projects Endpoint","level":"info","message":"Server running at http://localhost:3001","timestamp":"2025-09-14T23:01:52.086Z"}
{"Endpoint":"Projects Endpoint","level":"info","message":"Fetching all projects","query":{"limit":"10","offset":"0"},"timestamp":"2025-09-14T23:02:04.583Z"}
{"Endpoint":"Projects Endpoint","level":"info","message":"Fetched 5 projects (Page 1/1)","timestamp":"2025-09-14T23:02:08.472Z"}
{"0":"1","Endpoint":"Projects Endpoint","level":"info","message":"Deleting project with ID:","timestamp":"2025-09-14T23:04:23.218Z"}
{"Endpoint":"Projects Endpoint","level":"info","message":"Server running at http://localhost:3001","timestamp":"2025-09-14T23:08:27.850Z"}
{"Endpoint":"Projects Endpoint","level":"info","message":"Fetching all projects","query":{"limit":"10","offset":"0"},"timestamp":"2025-09-14T23:08:40.968Z"}
{"Endpoint":"Projects Endpoint","level":"info","message":"Fetched 4 projects (Page 1/1)","timestamp":"2025-09-14T23:08:43.316Z"}
{"Endpoint":"Projects Endpoint","level":"info","message":"Fetching all projects","query":{"limit":"10","offset":"0"},"timestamp":"2025-09-14T23:22:17.997Z"}
{"Endpoint":"Projects Endpoint","level":"info","message":"Fetched 4 projects (Page 1/1)","timestamp":"2025-09-14T23:22:19.639Z"}
{"0":"8","Endpoint":"Projects Endpoint","level":"info","message":"Deleting project with ID:","timestamp":"2025-09-14T23:22:49.730Z"}
{"Endpoint":"Projects Endpoint","level":"info","message":"Project deleted successfully:","timestamp":"2025-09-14T23:22:51.023Z"}
{"0":"8","Endpoint":"Projects Endpoint","level":"info","message":"Deleting project with ID:","timestamp":"2025-09-14T23:22:54.270Z"}
{"Endpoint":"Projects Endpoint","level":"info","message":"Fetching all projects","query":{"limit":"10","offset":"0"},"timestamp":"2025-09-14T23:24:19.310Z"}
{"Endpoint":"Projects Endpoint","level":"info","message":"Fetched 2 projects (Page 1/1)","timestamp":"2025-09-14T23:24:20.440Z"}
{"Endpoint":"Projects Endpoint","level":"info","message":"Fetching all projects","query":{"limit":"10","offset":"0"},"timestamp":"2025-09-14T23:24:35.052Z"}
{"Endpoint":"Projects Endpoint","level":"info","message":"Fetched 2 projects (Page 1/1)","timestamp":"2025-09-14T23:24:35.957Z"}
{"0":"5","Endpoint":"Projects Endpoint","level":"info","message":"Deleting project with ID:","timestamp":"2025-09-14T23:24:48.985Z"}
{"Endpoint":"Projects Endpoint","level":"info","message":"Project deleted successfully:","timestamp":"2025-09-14T23:24:50.261Z"}
{"0":"5","Endpoint":"Projects Endpoint","level":"info","message":"Deleting project with ID:","timestamp":"2025-09-14T23:24:53.816Z"}
{"Endpoint":"Projects Endpoint","level":"info","message":"Fetching all projects","query":{"limit":"10","offset":"0"},"timestamp":"2025-09-14T23:25:01.635Z"}
{"Endpoint":"Projects Endpoint","level":"info","message":"Fetched 1 projects (Page 1/1)","timestamp":"2025-09-14T23:25:02.480Z"}
{"Endpoint":"Projects Endpoint","level":"info","message":"Server running at http://localhost:3001","timestamp":"2025-09-14T23:32:29.394Z"}
{"Endpoint":"Projects Endpoint","level":"info","message":"Fetching all projects","query":{"limit":"10","offset":"0"},"timestamp":"2025-09-14T23:32:40.977Z"}
{"Endpoint":"Projects Endpoint","level":"info","message":"Fetched 1 projects (Page 1/1)","timestamp":"2025-09-14T23:32:43.808Z"}
{"Endpoint":"Projects Endpoint","level":"info","message":"Server running at http://localhost:3001","timestamp":"2025-09-14T23:43:14.778Z"}
{"Endpoint":"Projects Endpoint","level":"info","message":"Fetching all projects for production testing","query":{"limit":"10","offset":"0"},"timestamp":"2025-09-14T23:43:32.847Z"}
{"Endpoint":"Projects Endpoint","level":"info","message":"Fetched 1 projects (Page 1/1)","timestamp":"2025-09-14T23:43:34.484Z"}
{"Endpoint":"Projects Endpoint","level":"info","message":"Fetching all projects for production testing","query":{"limit":"10","offset":"0"},"timestamp":"2025-09-14T23:51:24.601Z"}
{"Endpoint":"Projects Endpoint","level":"info","message":"Fetched 1 projects (Page 1/1)","timestamp":"2025-09-14T23:51:26.059Z"}
{"Endpoint":"Projects Endpoint","level":"info","message":"Fetching all projects for production testing","query":{"limit":"10","offset":"0"},"timestamp":"2025-09-14T23:54:10.990Z"}
{"Endpoint":"Projects Endpoint","level":"info","message":"Fetched 1 projects (Page 1/1)","timestamp":"2025-09-14T23:54:12.374Z"}
